<?xml version="1.0" encoding="UTF-8"?>
<!-- Generated by org.testng.reporters.JUnitReportReporter -->
<testsuite skipped="0" hostname="ELs-MacBook-Air.fios-router.home" name="com.smarttechqa.runner.RunnerClassTec" tests="7" failures="0" timestamp="27 Nov 2022 03:21:01 GMT" time="0.231" errors="0">
  <testcase name="runScenario" time="0.015" classname="com.smarttechqa.runner.RunnerClassTec"/>
  <testcase name="runScenario" time="0.019" classname="com.smarttechqa.runner.RunnerClassTec"/>
  <testcase name="runScenario" time="0.123" classname="com.smarttechqa.runner.RunnerClassTec"/>
  <testcase name="runScenario" time="0.024" classname="com.smarttechqa.runner.RunnerClassTec"/>
  <testcase name="runScenario" time="0.030" classname="com.smarttechqa.runner.RunnerClassTec"/>
  <testcase name="runScenario" time="0.010" classname="com.smarttechqa.runner.RunnerClassTec"/>
  <testcase name="runScenario" time="0.010" classname="com.smarttechqa.runner.RunnerClassTec"/>
</testsuite> <!-- com.smarttechqa.runner.RunnerClassTec -->
